#
# There is insufficient memory for the Java Runtime Environment to continue.
# Native memory allocation (malloc) failed to allocate 299840 bytes for Chunk::new
# Possible reasons:
#   The system is out of physical RAM or swap space
#   In 32 bit mode, the process size limit was hit
# Possible solutions:
#   Reduce memory load on the system
#   Increase physical memory or swap space
#   Check if swap backing store is full
#   Use 64 bit Java on a 64 bit OS
#   Decrease Java heap size (-Xmx/-Xms)
#   Decrease number of Java threads
#   Decrease Java thread stack sizes (-Xss)
#   Set larger code cache with -XX:ReservedCodeCacheSize=
# This output file may be truncated or incomplete.
#
#  Out of Memory Error (allocation.cpp:390), pid=2284, tid=0x00000000000009e8
#
# JRE version: OpenJDK Runtime Environment (8.0_112-b06) (build 1.8.0_112-release-b06)
# Java VM: OpenJDK 64-Bit Server VM (25.112-b06 mixed mode windows-amd64 compressed oops)
# Failed to write core dump. Minidumps are not enabled by default on client versions of Windows
#

---------------  T H R E A D  ---------------

Current thread (0x0000000056046800):  JavaThread "C2 CompilerThread0" daemon [_thread_in_native, id=2536, stack(0x00000000572e0000,0x00000000573e0000)]

Stack: [0x00000000572e0000,0x00000000573e0000]
[error occurred during error reporting (printing stack bounds), id 0xc0000005]

Native frames: (J=compiled Java code, j=interpreted, Vv=VM code, C=native code)


Current CompileTask:
C2:17116803 19866       4       com.sun.org.apache.xerces.internal.impl.XMLEntityManager::setupCurrentEntity (1214 bytes)


---------------  P R O C E S S  ---------------

Java Threads: ( => current thread )
  0x000000005b118000 JavaThread "Stdin handler" [_thread_blocked, id=4116, stack(0x000000005fce0000,0x000000005fde0000)]
  0x000000005b114000 JavaThread "Asynchronous log dispatcher for DefaultDaemonConnection: socket connection from /127.0.0.1:49193 to /127.0.0.1:58952" [_thread_blocked, id=4664, stack(0x000000005f8a0000,0x000000005f9a0000)]
  0x000000005b113800 JavaThread "Daemon worker Thread 12" [_thread_in_Java, id=5184, stack(0x000000005a0d0000,0x000000005a1d0000)]
  0x0000000058820800 JavaThread "Cancel handler" [_thread_blocked, id=4840, stack(0x0000000059c50000,0x0000000059d50000)]
  0x0000000058822000 JavaThread "Handler for socket connection from /127.0.0.1:49193 to /127.0.0.1:58952" [_thread_in_native, id=5812, stack(0x0000000059de0000,0x0000000059ee0000)]
  0x0000000058823000 JavaThread "Daemon Thread 12" [_thread_blocked, id=2564, stack(0x0000000059b50000,0x0000000059c50000)]
  0x000000005d386800 JavaThread "pool-7-thread-4" [_thread_blocked, id=4780, stack(0x0000000061730000,0x0000000061830000)]
  0x000000005d383000 JavaThread "pool-7-thread-3" [_thread_blocked, id=4736, stack(0x0000000061480000,0x0000000061580000)]
  0x000000005b4dd800 JavaThread "pool-7-thread-2" [_thread_blocked, id=4408, stack(0x0000000060b10000,0x0000000060c10000)]
  0x000000005b4de800 JavaThread "pool-7-thread-1" [_thread_blocked, id=4792, stack(0x0000000060990000,0x0000000060a90000)]
  0x0000000057623800 JavaThread "File lock request listener" [_thread_in_native, id=4192, stack(0x0000000059f50000,0x000000005a050000)]
  0x0000000057c64000 JavaThread "pool-1-thread-1" [_thread_blocked, id=200, stack(0x000000005a5f0000,0x000000005a6f0000)]
  0x00000000586c7000 JavaThread "Incoming local TCP Connector on port 49193" [_thread_in_native, id=3132, stack(0x0000000059400000,0x0000000059500000)]
  0x0000000057518800 JavaThread "Service Thread" daemon [_thread_blocked, id=2256, stack(0x0000000057190000,0x0000000057290000)]
  0x000000005604f000 JavaThread "C1 CompilerThread1" daemon [_thread_blocked, id=204, stack(0x0000000057400000,0x0000000057500000)]
=>0x0000000056046800 JavaThread "C2 CompilerThread0" daemon [_thread_in_native, id=2536, stack(0x00000000572e0000,0x00000000573e0000)]
  0x0000000056045000 JavaThread "Attach Listener" daemon [_thread_blocked, id=4504, stack(0x0000000057010000,0x0000000057110000)]
  0x0000000056044000 JavaThread "Signal Dispatcher" daemon [_thread_blocked, id=2996, stack(0x0000000056ec0000,0x0000000056fc0000)]
  0x000000005602c000 JavaThread "Finalizer" daemon [_thread_blocked, id=1868, stack(0x0000000056d70000,0x0000000056e70000)]
  0x0000000055fe3000 JavaThread "Reference Handler" daemon [_thread_blocked, id=4572, stack(0x0000000056c20000,0x0000000056d20000)]
  0x000000000227d800 JavaThread "main" [_thread_blocked, id=4336, stack(0x00000000025e0000,0x00000000026e0000)]

Other Threads:
  0x0000000055fdb000 VMThread [stack: 0x0000000056a70000,0x0000000056b70000] [id=1816]
  0x00000000560af000 WatcherThread [stack: 0x0000000057940000,0x0000000057a40000] [id=2068]

VM state:not at safepoint (normal execution)

VM Mutex/Monitor currently owned by a thread: None

Heap:
 PSYoungGen      total 422912K, used 134719K [0x00000000e0000000, 0x00000000fe600000, 0x0000000100000000)
  eden space 400896K, 28% used [0x00000000e0000000,0x00000000e6e45368,0x00000000f8780000)
  from space 22016K, 99% used [0x00000000fa680000,0x00000000fbbcaaa8,0x00000000fbc00000)
  to   space 31744K, 0% used [0x00000000f8780000,0x00000000f8780000,0x00000000fa680000)
 ParOldGen       total 87552K, used 64282K [0x00000000a0000000, 0x00000000a5580000, 0x00000000e0000000)
  object space 87552K, 73% used [0x00000000a0000000,0x00000000a3ec6ad8,0x00000000a5580000)
 Metaspace       used 72600K, capacity 76314K, committed 76672K, reserved 1116160K
  class space    used 9097K, capacity 9632K, committed 9856K, reserved 1048576K

Card table byte_map: [0x0000000011d70000,0x0000000012080000] byte_map_base: 0x0000000011870000

Marking Bits: (ParMarkBitMap*) 0x00000000684a18f0
 Begin Bits: [0x00000000123b0000, 0x0000000013bb0000)
 End Bits:   [0x0000000013bb0000, 0x00000000153b0000)

Polling page: 0x0000000000130000

CodeCache: size=245760Kb used=54415Kb max_used=54456Kb free=191344Kb
 bounds [0x00000000029b0000, 0x0000000005f30000, 0x00000000119b0000]
 total_blobs=16179 nmethods=15386 adapters=706
 compilation: enabled

Compilation events (10 events):
Event: 17109.662 Thread 0x000000005604f000 nmethod 19861 0x0000000005f16510 code [0x0000000005f16680, 0x0000000005f16930]
Event: 17109.667 Thread 0x000000005604f000 19862       3       org.gradle.internal.logging.progress.DefaultProgressLoggerFactory::newOperation (9 bytes)
Event: 17109.668 Thread 0x000000005604f000 nmethod 19862 0x0000000004521890 code [0x0000000004521a20, 0x0000000004521d98]
Event: 17109.668 Thread 0x000000005604f000 19863       3       org.gradle.internal.logging.progress.DefaultProgressLoggerFactory::newOperation (7 bytes)
Event: 17109.668 Thread 0x000000005604f000 nmethod 19863 0x0000000004521510 code [0x0000000004521680, 0x0000000004521808]
Event: 17109.843 Thread 0x0000000056046800 19864       4       org.gradle.api.internal.artifacts.ivyservice.ivyresolve.parser.PomReader$PomDependencyMgtElement::getType (28 bytes)
Event: 17109.862 Thread 0x0000000056046800 nmethod 19864 0x0000000004337390 code [0x0000000004337540, 0x0000000004337c18]
Event: 17109.862 Thread 0x0000000056046800 19865       4       org.gradle.api.internal.artifacts.repositories.resolver.MavenResolver::getLocalAccess (10 bytes)
Event: 17109.882 Thread 0x0000000056046800 nmethod 19865 0x0000000004336fd0 code [0x0000000004337120, 0x0000000004337208]
Event: 17110.217 Thread 0x0000000056046800 19866       4       com.sun.org.apache.xerces.internal.impl.XMLEntityManager::setupCurrentEntity (1214 bytes)

GC Heap History (10 events):
Event: 14176.501 GC heap before
{Heap before GC invocations=26 (full 4):
 PSYoungGen      total 327168K, used 319744K [0x00000000e0000000, 0x00000000f7a00000, 0x0000000100000000)
  eden space 304128K, 100% used [0x00000000e0000000,0x00000000f2900000,0x00000000f2900000)
  from space 23040K, 67% used [0x00000000f2900000,0x00000000f3840250,0x00000000f3f80000)
  to   space 24064K, 0% used [0x00000000f6280000,0x00000000f6280000,0x00000000f7a00000)
 ParOldGen       total 87552K, used 48567K [0x00000000a0000000, 0x00000000a5580000, 0x00000000e0000000)
  object space 87552K, 55% used [0x00000000a0000000,0x00000000a2f6ded0,0x00000000a5580000)
 Metaspace       used 71943K, capacity 75258K, committed 75776K, reserved 1116160K
  class space    used 9040K, capacity 9560K, committed 9728K, reserved 1048576K
Event: 14183.603 GC heap after
Heap after GC invocations=26 (full 4):
 PSYoungGen      total 354816K, used 24044K [0x00000000e0000000, 0x00000000faa00000, 0x0000000100000000)
  eden space 330752K, 0% used [0x00000000e0000000,0x00000000e0000000,0x00000000f4300000)
  from space 24064K, 99% used [0x00000000f6280000,0x00000000f79fb210,0x00000000f7a00000)
  to   space 32256K, 0% used [0x00000000f4300000,0x00000000f4300000,0x00000000f6280000)
 ParOldGen       total 87552K, used 59418K [0x00000000a0000000, 0x00000000a5580000, 0x00000000e0000000)
  object space 87552K, 67% used [0x00000000a0000000,0x00000000a3a06a18,0x00000000a5580000)
 Metaspace       used 71943K, capacity 75258K, committed 75776K, reserved 1116160K
  class space    used 9040K, capacity 9560K, committed 9728K, reserved 1048576K
}
Event: 15356.590 GC heap before
{Heap before GC invocations=27 (full 4):
 PSYoungGen      total 354816K, used 354796K [0x00000000e0000000, 0x00000000faa00000, 0x0000000100000000)
  eden space 330752K, 100% used [0x00000000e0000000,0x00000000f4300000,0x00000000f4300000)
  from space 24064K, 99% used [0x00000000f6280000,0x00000000f79fb210,0x00000000f7a00000)
  to   space 32256K, 0% used [0x00000000f4300000,0x00000000f4300000,0x00000000f6280000)
 ParOldGen       total 87552K, used 59418K [0x00000000a0000000, 0x00000000a5580000, 0x00000000e0000000)
  object space 87552K, 67% used [0x00000000a0000000,0x00000000a3a06a18,0x00000000a5580000)
 Metaspace       used 72162K, capacity 75678K, committed 76160K, reserved 1116160K
  class space    used 9068K, capacity 9602K, committed 9856K, reserved 1048576K
Event: 15361.660 GC heap after
Heap after GC invocations=27 (full 4):
 PSYoungGen      total 363008K, used 20048K [0x00000000e0000000, 0x00000000fc700000, 0x0000000100000000)
  eden space 330752K, 0% used [0x00000000e0000000,0x00000000e0000000,0x00000000f4300000)
  from space 32256K, 62% used [0x00000000f4300000,0x00000000f56940e8,0x00000000f6280000)
  to   space 33280K, 0% used [0x00000000fa680000,0x00000000fa680000,0x00000000fc700000)
 ParOldGen       total 87552K, used 60610K [0x00000000a0000000, 0x00000000a5580000, 0x00000000e0000000)
  object space 87552K, 69% used [0x00000000a0000000,0x00000000a3b30a58,0x00000000a5580000)
 Metaspace       used 72162K, capacity 75678K, committed 76160K, reserved 1116160K
  class space    used 9068K, capacity 9602K, committed 9856K, reserved 1048576K
}
Event: 15521.654 GC heap before
{Heap before GC invocations=28 (full 4):
 PSYoungGen      total 363008K, used 350800K [0x00000000e0000000, 0x00000000fc700000, 0x0000000100000000)
  eden space 330752K, 100% used [0x00000000e0000000,0x00000000f4300000,0x00000000f4300000)
  from space 32256K, 62% used [0x00000000f4300000,0x00000000f56940e8,0x00000000f6280000)
  to   space 33280K, 0% used [0x00000000fa680000,0x00000000fa680000,0x00000000fc700000)
 ParOldGen       total 87552K, used 60610K [0x00000000a0000000, 0x00000000a5580000, 0x00000000e0000000)
  object space 87552K, 69% used [0x00000000a0000000,0x00000000a3b30a58,0x00000000a5580000)
 Metaspace       used 72261K, capacity 75844K, committed 76160K, reserved 1116160K
  class space    used 9077K, capacity 9611K, committed 9856K, reserved 1048576K
Event: 15521.789 GC heap after
Heap after GC invocations=28 (full 4):
 PSYoungGen      total 413184K, used 14489K [0x00000000e0000000, 0x00000000fbc00000, 0x0000000100000000)
  eden space 391168K, 0% used [0x00000000e0000000,0x00000000e0000000,0x00000000f7e00000)
  from space 22016K, 65% used [0x00000000fa680000,0x00000000fb4a6778,0x00000000fbc00000)
  to   space 31744K, 0% used [0x00000000f7e00000,0x00000000f7e00000,0x00000000f9d00000)
 ParOldGen       total 87552K, used 60906K [0x00000000a0000000, 0x00000000a5580000, 0x00000000e0000000)
  object space 87552K, 69% used [0x00000000a0000000,0x00000000a3b7aa58,0x00000000a5580000)
 Metaspace       used 72261K, capacity 75844K, committed 76160K, reserved 1116160K
  class space    used 9077K, capacity 9611K, committed 9856K, reserved 1048576K
}
Event: 16856.275 GC heap before
{Heap before GC invocations=29 (full 4):
 PSYoungGen      total 413184K, used 405657K [0x00000000e0000000, 0x00000000fbc00000, 0x0000000100000000)
  eden space 391168K, 100% used [0x00000000e0000000,0x00000000f7e00000,0x00000000f7e00000)
  from space 22016K, 65% used [0x00000000fa680000,0x00000000fb4a6778,0x00000000fbc00000)
  to   space 31744K, 0% used [0x00000000f7e00000,0x00000000f7e00000,0x00000000f9d00000)
 ParOldGen       total 87552K, used 60906K [0x00000000a0000000, 0x00000000a5580000, 0x00000000e0000000)
  object space 87552K, 69% used [0x00000000a0000000,0x00000000a3b7aa58,0x00000000a5580000)
 Metaspace       used 72405K, capacity 76018K, committed 76416K, reserved 1116160K
  class space    used 9087K, capacity 9622K, committed 9856K, reserved 1048576K
Event: 16856.406 GC heap after
Heap after GC invocations=29 (full 4):
 PSYoungGen      total 422912K, used 14523K [0x00000000e0000000, 0x00000000fbc00000, 0x0000000100000000)
  eden space 391168K, 0% used [0x00000000e0000000,0x00000000e0000000,0x00000000f7e00000)
  from space 31744K, 45% used [0x00000000f7e00000,0x00000000f8c2ee58,0x00000000f9d00000)
  to   space 22016K, 0% used [0x00000000fa680000,0x00000000fa680000,0x00000000fbc00000)
 ParOldGen       total 87552K, used 60914K [0x00000000a0000000, 0x00000000a5580000, 0x00000000e0000000)
  object space 87552K, 69% used [0x00000000a0000000,0x00000000a3b7ca58,0x00000000a5580000)
 Metaspace       used 72405K, capacity 76018K, committed 76416K, reserved 1116160K
  class space    used 9087K, capacity 9622K, committed 9856K, reserved 1048576K
}
Event: 16920.219 GC heap before
{Heap before GC invocations=30 (full 4):
 PSYoungGen      total 422912K, used 405490K [0x00000000e0000000, 0x00000000fbc00000, 0x0000000100000000)
  eden space 391168K, 99% used [0x00000000e0000000,0x00000000f7dcdc68,0x00000000f7e00000)
  from space 31744K, 45% used [0x00000000f7e00000,0x00000000f8c2ee58,0x00000000f9d00000)
  to   space 22016K, 0% used [0x00000000fa680000,0x00000000fa680000,0x00000000fbc00000)
 ParOldGen       total 87552K, used 60914K [0x00000000a0000000, 0x00000000a5580000, 0x00000000e0000000)
  object space 87552K, 69% used [0x00000000a0000000,0x00000000a3b7ca58,0x00000000a5580000)
 Metaspace       used 72566K, capacity 76226K, committed 76672K, reserved 1116160K
  class space    used 9089K, capacity 9624K, committed 9856K, reserved 1048576K
Event: 16920.427 GC heap after
Heap after GC invocations=30 (full 4):
 PSYoungGen      total 422912K, used 21802K [0x00000000e0000000, 0x00000000fe600000, 0x0000000100000000)
  eden space 400896K, 0% used [0x00000000e0000000,0x00000000e0000000,0x00000000f8780000)
  from space 22016K, 99% used [0x00000000fa680000,0x00000000fbbcaaa8,0x00000000fbc00000)
  to   space 31744K, 0% used [0x00000000f8780000,0x00000000f8780000,0x00000000fa680000)
 ParOldGen       total 87552K, used 64282K [0x00000000a0000000, 0x00000000a5580000, 0x00000000e0000000)
  object space 87552K, 73% used [0x00000000a0000000,0x00000000a3ec6ad8,0x00000000a5580000)
 Metaspace       used 72566K, capacity 76226K, committed 76672K, reserved 1116160K
  class space    used 9089K, capacity 9624K, committed 9856K, reserved 1048576K
}

Deoptimization events (10 events):
Event: 15535.637 Thread 0x000000005d386800 Uncommon trap: reason=array_check action=maybe_recompile pc=0x0000000005492704 method=java.util.TimSort.binarySort([Ljava/lang/Object;IIILjava/util/Comparator;)V @ 215
Event: 16885.894 Thread 0x000000005b4db800 Uncommon trap: reason=class_check action=maybe_recompile pc=0x00000000051e79cc method=com.sun.org.apache.xerces.internal.dom.NamedNodeMapImpl.getNamedItemNS(Ljava/lang/String;Ljava/lang/String;)Lorg/w3c/dom/Node; @ 28
Event: 16885.894 Thread 0x000000005b4db800 Uncommon trap: reason=class_check action=maybe_recompile pc=0x00000000051e79cc method=com.sun.org.apache.xerces.internal.dom.NamedNodeMapImpl.getNamedItemNS(Ljava/lang/String;Ljava/lang/String;)Lorg/w3c/dom/Node; @ 28
Event: 16885.894 Thread 0x000000005b4db800 Uncommon trap: reason=class_check action=maybe_recompile pc=0x00000000051e79cc method=com.sun.org.apache.xerces.internal.dom.NamedNodeMapImpl.getNamedItemNS(Ljava/lang/String;Ljava/lang/String;)Lorg/w3c/dom/Node; @ 28
Event: 16885.894 Thread 0x000000005b4db800 Uncommon trap: reason=class_check action=maybe_recompile pc=0x00000000051e79cc method=com.sun.org.apache.xerces.internal.dom.NamedNodeMapImpl.getNamedItemNS(Ljava/lang/String;Ljava/lang/String;)Lorg/w3c/dom/Node; @ 28
Event: 16910.148 Thread 0x000000005b4db800 Uncommon trap: reason=bimorphic action=maybe_recompile pc=0x0000000004d5a86c method=com.sun.tools.javac.util.List.contains(Ljava/lang/Object;)Z @ 27
Event: 16910.185 Thread 0x000000005b4db800 Uncommon trap: reason=bimorphic action=maybe_recompile pc=0x0000000004d5a86c method=com.sun.tools.javac.util.List.contains(Ljava/lang/Object;)Z @ 27
Event: 16910.191 Thread 0x000000005b4db800 Uncommon trap: reason=bimorphic action=maybe_recompile pc=0x0000000004d5a86c method=com.sun.tools.javac.util.List.contains(Ljava/lang/Object;)Z @ 27
Event: 16912.856 Thread 0x000000005b4de800 Uncommon trap: reason=array_check action=maybe_recompile pc=0x0000000005dd1588 method=java.util.TimSort.reverseRange([Ljava/lang/Object;II)V @ 20
Event: 16915.578 Thread 0x000000005b4dd800 Uncommon trap: reason=array_check action=maybe_recompile pc=0x0000000005dd1470 method=java.util.TimSort.binarySort([Ljava/lang/Object;IIILjava/util/Comparator;)V @ 183

Internal exceptions (10 events):
Event: 16866.034 Thread 0x000000005b4db800 Exception <a 'sun/nio/fs/WindowsException'> (0x00000000e06d1608) thrown at [C:\src\android\AOSP-openjdk\external\jetbrains\jdk\hotspot\src\share\vm\prims\jni.cpp, line 709]
Event: 16866.034 Thread 0x000000005b4db800 Exception <a 'sun/nio/fs/WindowsException'> (0x00000000e06d3248) thrown at [C:\src\android\AOSP-openjdk\external\jetbrains\jdk\hotspot\src\share\vm\prims\jni.cpp, line 709]
Event: 16866.034 Thread 0x000000005b4db800 Exception <a 'sun/nio/fs/WindowsException'> (0x00000000e06d3e98) thrown at [C:\src\android\AOSP-openjdk\external\jetbrains\jdk\hotspot\src\share\vm\prims\jni.cpp, line 709]
Event: 16866.034 Thread 0x000000005b4db800 Exception <a 'sun/nio/fs/WindowsException'> (0x00000000e06d68d0) thrown at [C:\src\android\AOSP-openjdk\external\jetbrains\jdk\hotspot\src\share\vm\prims\jni.cpp, line 709]
Event: 16866.034 Thread 0x000000005b4db800 Exception <a 'sun/nio/fs/WindowsException'> (0x00000000e06d7558) thrown at [C:\src\android\AOSP-openjdk\external\jetbrains\jdk\hotspot\src\share\vm\prims\jni.cpp, line 709]
Event: 16866.034 Thread 0x000000005b4db800 Exception <a 'sun/nio/fs/WindowsException'> (0x00000000e06d9210) thrown at [C:\src\android\AOSP-openjdk\external\jetbrains\jdk\hotspot\src\share\vm\prims\jni.cpp, line 709]
Event: 16866.034 Thread 0x000000005b4db800 Exception <a 'sun/nio/fs/WindowsException'> (0x00000000e06d9ed8) thrown at [C:\src\android\AOSP-openjdk\external\jetbrains\jdk\hotspot\src\share\vm\prims\jni.cpp, line 709]
Event: 16920.822 Thread 0x000000005b4db800 Exception <a 'sun/nio/fs/WindowsException'> (0x00000000e47be490) thrown at [C:\src\android\AOSP-openjdk\external\jetbrains\jdk\hotspot\src\share\vm\prims\jni.cpp, line 709]
Event: 17109.343 Thread 0x000000005b113800 Exception <a 'java/lang/ClassNotFoundException': asLocalRepo14729_7lethn3zvh0p7mof0qpe99v1cBeanInfo> (0x00000000e5209a80) thrown at [C:\src\android\AOSP-openjdk\external\jetbrains\jdk\hotspot\src\share\vm\classfile\systemDictionary.cpp, line 210]
Event: 17109.364 Thread 0x000000005b113800 Exception <a 'java/lang/ClassNotFoundException': asLocalRepo14729_7lethn3zvh0p7mof0qpe99v1cCustomizer> (0x00000000e5215130) thrown at [C:\src\android\AOSP-openjdk\external\jetbrains\jdk\hotspot\src\share\vm\classfile\systemDictionary.cpp, line 210]

Events (10 events):
Event: 17109.563 loading class groovy/runtime/metaclass/asLocalRepo14729_7lethn3zvh0p7mof0qpe99v1c$_run_closure1$_closure2$_closure4$_closure5MetaClass
Event: 17109.563 loading class groovy/runtime/metaclass/asLocalRepo14729_7lethn3zvh0p7mof0qpe99v1c$_run_closure1$_closure2$_closure4$_closure5MetaClass done
Event: 17109.565 loading class asLocalRepo14729_7lethn3zvh0p7mof0qpe99v1c$_run_closure1$_closure3
Event: 17109.565 loading class asLocalRepo14729_7lethn3zvh0p7mof0qpe99v1c$_run_closure1$_closure3 done
Event: 17109.600 loading class groovy/runtime/metaclass/asLocalRepo14729_7lethn3zvh0p7mof0qpe99v1c$_run_closure1$_closure3MetaClass
Event: 17109.600 loading class groovy/runtime/metaclass/asLocalRepo14729_7lethn3zvh0p7mof0qpe99v1c$_run_closure1$_closure3MetaClass done
Event: 17109.649 loading class asLocalRepo14729_7lethn3zvh0p7mof0qpe99v1c$_run_closure1$_closure3$_closure6
Event: 17109.649 loading class asLocalRepo14729_7lethn3zvh0p7mof0qpe99v1c$_run_closure1$_closure3$_closure6 done
Event: 17109.652 loading class groovy/runtime/metaclass/asLocalRepo14729_7lethn3zvh0p7mof0qpe99v1c$_run_closure1$_closure3$_closure6MetaClass
Event: 17109.652 loading class groovy/runtime/metaclass/asLocalRepo14729_7lethn3zvh0p7mof0qpe99v1c$_run_closure1$_closure3$_closure6MetaClass done


Dynamic libraries:
0x000000013f170000 - 0x000000013f1a1000 	C:\Program Files\Android\Android Studio\jre\bin\java.exe
0x0000000077280000 - 0x0000000077429000 	C:\Windows\SYSTEM32\ntdll.dll
0x0000000077160000 - 0x0000000077280000 	C:\Windows\system32\kernel32.dll
0x000007fefd3a0000 - 0x000007fefd40c000 	C:\Windows\system32\KERNELBASE.dll
0x000007fefde40000 - 0x000007fefdf1b000 	C:\Windows\system32\ADVAPI32.dll
0x000007fefdc60000 - 0x000007fefdcff000 	C:\Windows\system32\msvcrt.dll
0x000007fefdbb0000 - 0x000007fefdbcf000 	C:\Windows\SYSTEM32\sechost.dll
0x000007fefdd00000 - 0x000007fefde2d000 	C:\Windows\system32\RPCRT4.dll
0x0000000077060000 - 0x000000007715a000 	C:\Windows\system32\USER32.dll
0x000007feff370000 - 0x000007feff3d7000 	C:\Windows\system32\GDI32.dll
0x000007fefde30000 - 0x000007fefde3e000 	C:\Windows\system32\LPK.dll
0x000007fefdf20000 - 0x000007fefdfea000 	C:\Windows\system32\USP10.dll
0x000007fefbbf0000 - 0x000007fefbde4000 	C:\Windows\WinSxS\amd64_microsoft.windows.common-controls_6595b64144ccf1df_6.0.7601.18837_none_fa3b1e3d17594757\COMCTL32.dll
0x000007fefdbd0000 - 0x000007fefdc41000 	C:\Windows\system32\SHLWAPI.dll
0x000007fefdff0000 - 0x000007fefe01e000 	C:\Windows\system32\IMM32.DLL
0x000007feff3e0000 - 0x000007feff4e9000 	C:\Windows\system32\MSCTF.dll
0x0000000065d20000 - 0x0000000065df2000 	C:\Program Files\Android\Android Studio\jre\jre\bin\msvcr100.dll
0x0000000067ce0000 - 0x000000006851c000 	C:\Program Files\Android\Android Studio\jre\jre\bin\server\jvm.dll
0x000007feebbd0000 - 0x000007feebbd9000 	C:\Windows\system32\WSOCK32.dll
0x000007feff0c0000 - 0x000007feff10d000 	C:\Windows\system32\WS2_32.dll
0x000007fefdc50000 - 0x000007fefdc58000 	C:\Windows\system32\NSI.dll
0x000007fef1a10000 - 0x000007fef1a4b000 	C:\Windows\system32\WINMM.dll
0x000007fefc2e0000 - 0x000007fefc2ec000 	C:\Windows\system32\VERSION.dll
0x0000000077450000 - 0x0000000077457000 	C:\Windows\system32\PSAPI.DLL
0x000007feec650000 - 0x000007feec65f000 	C:\Program Files\Android\Android Studio\jre\jre\bin\verify.dll
0x000007feeb810000 - 0x000007feeb839000 	C:\Program Files\Android\Android Studio\jre\jre\bin\java.dll
0x000007feebb40000 - 0x000007feebb56000 	C:\Program Files\Android\Android Studio\jre\jre\bin\zip.dll
0x000007fefe020000 - 0x000007fefeda9000 	C:\Windows\system32\SHELL32.dll
0x000007fefd9a0000 - 0x000007fefdba3000 	C:\Windows\system32\ole32.dll
0x000007fefd180000 - 0x000007fefd18f000 	C:\Windows\system32\profapi.dll
0x000007feebb20000 - 0x000007feebb3a000 	C:\Program Files\Android\Android Studio\jre\jre\bin\net.dll
0x000007fefc9b0000 - 0x000007fefca05000 	C:\Windows\system32\mswsock.dll
0x000007fefc9a0000 - 0x000007fefc9a7000 	C:\Windows\System32\wship6.dll
0x000007feeb7f0000 - 0x000007feeb801000 	C:\Program Files\Android\Android Studio\jre\jre\bin\nio.dll
0x000007fefb400000 - 0x000007fefb41e000 	C:\Users\Darlington\.gradle\native\23\windows-amd64\native-platform.dll
0x000007fefca10000 - 0x000007fefca28000 	C:\Windows\system32\CRYPTSP.dll
0x000007fefc710000 - 0x000007fefc757000 	C:\Windows\system32\rsaenh.dll
0x000007fefc4d0000 - 0x000007fefc4ee000 	C:\Windows\system32\USERENV.dll
0x000007fefd010000 - 0x000007fefd01f000 	C:\Windows\system32\CRYPTBASE.dll
0x000007fefa770000 - 0x000007fefa797000 	C:\Windows\system32\IPHLPAPI.DLL
0x000007fefa750000 - 0x000007fefa75b000 	C:\Windows\system32\WINNSI.DLL
0x000007fefa440000 - 0x000007fefa458000 	C:\Windows\system32\dhcpcsvc.DLL
0x000007fefa460000 - 0x000007fefa471000 	C:\Windows\system32\dhcpcsvc6.DLL
0x000007feebbc0000 - 0x000007feebbcd000 	C:\Program Files\Android\Android Studio\jre\jre\bin\management.dll
0x000007fefd0c0000 - 0x000007fefd117000 	C:\Windows\system32\apphelp.dll
0x000007feeae90000 - 0x000007feeaeb4000 	C:\Program Files\Android\Android Studio\jre\jre\bin\sunec.dll
0x000007feeac80000 - 0x000007feeac8b000 	C:\Program Files\Android\Android Studio\jre\jre\bin\sunmscapi.dll
0x000007fefd230000 - 0x000007fefd39d000 	C:\Windows\system32\CRYPT32.dll
0x000007fefd220000 - 0x000007fefd22f000 	C:\Windows\system32\MSASN1.dll

VM Arguments:
jvm_args: -Xmx1536m -Dfile.encoding=windows-1252 -Duser.country=US -Duser.language=en -Duser.variant 
java_command: org.gradle.launcher.daemon.bootstrap.GradleDaemon 3.3
java_class_path (initial): C:\Users\Darlington\.gradle\wrapper\dists\gradle-3.3-all\55gk2rcmfc6p2dg9u9ohc3hw9\gradle-3.3\lib\gradle-launcher-3.3.jar
Launcher Type: SUN_STANDARD

Environment Variables:
JAVA_HOME=C:\Program files\Java\jdk1.7.0_79
CLASSPATH=.
PATH=c:\programdata\oracle\java\javapath;C:\Windows\system32;C:\Windows;C:\Windows\system32\wbem;C:\Windows\system32\windowspowershell\v1.0\;c:\program files (x86)\ibm\gsk8\lib;c: \Program Files\Java\jdk1.7.0_79\bin;C:\Program Files (x86)\Microsoft SDKs\Azure\CLI\wbin;C:\Program Files\Git\cmd
USERNAME=Darlington
OS=Windows_NT
PROCESSOR_IDENTIFIER=Intel64 Family 6 Model 23 Stepping 6, GenuineIntel



---------------  S Y S T E M  ---------------

OS: Windows 7 , 64 bit Build 7601 (6.1.7601.19045)

CPU:total 2 (2 cores per cpu, 1 threads per core) family 6 model 23 stepping 6, cmov, cx8, fxsr, mmx, sse, sse2, sse3, ssse3, sse4.1, tsc

Memory: 4k page, physical 3136824k(474428k free), swap 4055924k(5100k free)

vm_info: OpenJDK 64-Bit Server VM (25.112-b06) for windows-amd64 JRE (1.8.0_112-release-b06), built on Dec  8 2016 00:54:26 by "builder" with MS VC++ 10.0 (VS2010)

time: Fri May 19 12:24:05 2017
elapsed time: 17111 seconds (0d 4h 45m 11s)

